<?xml version="1.0" encoding="UTF-8"?>
<testsuite name="hello.HelloWorldConfigurationTests" tests="1" skipped="0" failures="0" errors="0" timestamp="2017-03-30T04:06:13" hostname="Revanth" time="0.58">
  <properties/>
  <testcase name="testGreeting" classname="hello.HelloWorldConfigurationTests" time="0.58"/>
  <system-out><![CDATA[2017-03-29 21:06:08.085  INFO 17484 --- [    Test worker] .b.t.c.SpringBootTestContextBootstrapper : Neither @ContextConfiguration nor @ContextHierarchy found for test class [hello.HelloWorldConfigurationTests], using SpringBootContextLoader
2017-03-29 21:06:08.086  INFO 17484 --- [    Test worker] o.s.t.c.support.AbstractContextLoader    : Could not detect default resource locations for test class [hello.HelloWorldConfigurationTests]: no resource found for suffixes {-context.xml, Context.groovy}.
2017-03-29 21:06:08.089  INFO 17484 --- [    Test worker] t.c.s.AnnotationConfigContextLoaderUtils : Could not detect default configuration classes for test class [hello.HelloWorldConfigurationTests]: HelloWorldConfigurationTests does not declare any static, non-private, non-final, nested classes annotated with @Configuration.
2017-03-29 21:06:08.121  INFO 17484 --- [    Test worker] .b.t.c.SpringBootTestContextBootstrapper : Found @SpringBootConfiguration hello.Application for test class hello.HelloWorldConfigurationTests
2017-03-29 21:06:08.137  INFO 17484 --- [    Test worker] .b.t.c.SpringBootTestContextBootstrapper : Loaded default TestExecutionListener class names from location [META-INF/spring.factories]: [org.springframework.boot.test.mock.mockito.MockitoTestExecutionListener, org.springframework.boot.test.mock.mockito.ResetMocksTestExecutionListener, org.springframework.boot.test.autoconfigure.restdocs.RestDocsTestExecutionListener, org.springframework.boot.test.autoconfigure.web.client.MockRestServiceServerResetTestExecutionListener, org.springframework.boot.test.autoconfigure.web.servlet.MockMvcPrintOnlyOnFailureTestExecutionListener, org.springframework.boot.test.autoconfigure.web.servlet.WebDriverTestExecutionListener, org.springframework.test.context.web.ServletTestExecutionListener, org.springframework.test.context.support.DirtiesContextBeforeModesTestExecutionListener, org.springframework.test.context.support.DependencyInjectionTestExecutionListener, org.springframework.test.context.support.DirtiesContextTestExecutionListener, org.springframework.test.context.transaction.TransactionalTestExecutionListener, org.springframework.test.context.jdbc.SqlScriptsTestExecutionListener]
2017-03-29 21:06:08.146  INFO 17484 --- [    Test worker] .b.t.c.SpringBootTestContextBootstrapper : Using TestExecutionListeners: [org.springframework.test.context.web.ServletTestExecutionListener@518db5f4, org.springframework.test.context.support.DirtiesContextBeforeModesTestExecutionListener@30c02952, org.springframework.boot.test.autoconfigure.SpringBootDependencyInjectionTestExecutionListener@360928c6, org.springframework.test.context.support.DirtiesContextTestExecutionListener@68dadc0a, org.springframework.test.context.transaction.TransactionalTestExecutionListener@5444f6f0, org.springframework.test.context.jdbc.SqlScriptsTestExecutionListener@65ffcf93, org.springframework.boot.test.mock.mockito.ResetMocksTestExecutionListener@1a4f94f2, org.springframework.boot.test.autoconfigure.restdocs.RestDocsTestExecutionListener@244b313d, org.springframework.boot.test.autoconfigure.web.servlet.WebDriverTestExecutionListener@57cba032, org.springframework.boot.test.mock.mockito.MockitoTestExecutionListener@4cd36e0f, org.springframework.boot.test.autoconfigure.web.client.MockRestServiceServerResetTestExecutionListener@2add8b63, org.springframework.boot.test.autoconfigure.web.servlet.MockMvcPrintOnlyOnFailureTestExecutionListener@57e285dc]

  .   ____          _            __ _ _
 /\\ / ___'_ __ _ _(_)_ __  __ _ \ \ \ \
( ( )\___ | '_ | '_| | '_ \/ _` | \ \ \ \
 \\/  ___)| |_)| | | | | || (_| |  ) ) ) )
  '  |____| .__|_| |_|_| |_\__, | / / / /
 =========|_|==============|___/=/_/_/_/
 :: Spring Boot ::        (v1.5.2.RELEASE)

2017-03-29 21:06:08.624  INFO 17484 --- [    Test worker] hello.HelloWorldConfigurationTests       : Starting HelloWorldConfigurationTests on Revanth with PID 17484 (started by Revanth in C:\Users\Revanth\workspace\gs-spring-boot-docker\complete)
2017-03-29 21:06:08.633  INFO 17484 --- [    Test worker] hello.HelloWorldConfigurationTests       : No active profile set, falling back to default profiles: default
2017-03-29 21:06:08.641  INFO 17484 --- [    Test worker] ationConfigEmbeddedWebApplicationContext : Refreshing org.springframework.boot.context.embedded.AnnotationConfigEmbeddedWebApplicationContext@1d16edde: startup date [Wed Mar 29 21:06:08 PDT 2017]; root of context hierarchy
2017-03-29 21:06:11.291  INFO 17484 --- [    Test worker] s.b.c.e.t.TomcatEmbeddedServletContainer : Tomcat initialized with port(s): 0 (http)
2017-03-29 21:06:11.390  INFO 17484 --- [    Test worker] o.apache.catalina.core.StandardService   : Starting service Tomcat
2017-03-29 21:06:11.396  INFO 17484 --- [    Test worker] org.apache.catalina.core.StandardEngine  : Starting Servlet Engine: Apache Tomcat/8.5.11
2017-03-29 21:06:11.893  INFO 17484 --- [ost-startStop-1] o.a.c.c.C.[Tomcat].[localhost].[/]       : Initializing Spring embedded WebApplicationContext
2017-03-29 21:06:11.895  INFO 17484 --- [ost-startStop-1] o.s.web.context.ContextLoader            : Root WebApplicationContext: initialization completed in 3254 ms
2017-03-29 21:06:12.101  INFO 17484 --- [ost-startStop-1] o.s.b.w.servlet.ServletRegistrationBean  : Mapping servlet: 'dispatcherServlet' to [/]
2017-03-29 21:06:12.114  INFO 17484 --- [ost-startStop-1] o.s.b.w.servlet.FilterRegistrationBean   : Mapping filter: 'characterEncodingFilter' to: [/*]
2017-03-29 21:06:12.115  INFO 17484 --- [ost-startStop-1] o.s.b.w.servlet.FilterRegistrationBean   : Mapping filter: 'hiddenHttpMethodFilter' to: [/*]
2017-03-29 21:06:12.116  INFO 17484 --- [ost-startStop-1] o.s.b.w.servlet.FilterRegistrationBean   : Mapping filter: 'httpPutFormContentFilter' to: [/*]
2017-03-29 21:06:12.117  INFO 17484 --- [ost-startStop-1] o.s.b.w.servlet.FilterRegistrationBean   : Mapping filter: 'requestContextFilter' to: [/*]
2017-03-29 21:06:12.462  INFO 17484 --- [    Test worker] org.elasticsearch.node                   : [Destroyer of Demons] version[2.4.4], pid[17484], build[fcbb46d/2017-01-03T11:33:16Z]
2017-03-29 21:06:12.462  INFO 17484 --- [    Test worker] org.elasticsearch.node                   : [Destroyer of Demons] initializing ...
2017-03-29 21:06:12.464  INFO 17484 --- [    Test worker] org.elasticsearch.plugins                : [Destroyer of Demons] modules [], plugins [], sites []
2017-03-29 21:06:12.489  INFO 17484 --- [    Test worker] org.elasticsearch.env                    : [Destroyer of Demons] using [1] data paths, mounts [[Windows8_OS (C:)]], net usable_space [27.9gb], net total_space [223gb], spins? [unknown], types [NTFS]
2017-03-29 21:06:12.489  INFO 17484 --- [    Test worker] org.elasticsearch.env                    : [Destroyer of Demons] heap size [1.7gb], compressed ordinary object pointers [true]
2017-03-29 21:06:12.641  INFO 17484 --- [    Test worker] org.elasticsearch.node                   : [Destroyer of Demons] initialized
2017-03-29 21:06:12.642  INFO 17484 --- [    Test worker] org.elasticsearch.node                   : [Destroyer of Demons] starting ...
2017-03-29 21:06:12.646  INFO 17484 --- [    Test worker] org.elasticsearch.transport              : [Destroyer of Demons] publish_address {local[2]}, bound_addresses {local[2]}
2017-03-29 21:06:12.647  INFO 17484 --- [    Test worker] org.elasticsearch.discovery              : [Destroyer of Demons] elasticsearch/VY6w95erRjGWx55-_DpM_A
2017-03-29 21:06:12.649  INFO 17484 --- [pdateTask][T#1]] org.elasticsearch.cluster.service        : [Jackhammer] added {{Destroyer of Demons}{VY6w95erRjGWx55-_DpM_A}{local}{local[2]}{local=true},}, reason: local-disco-receive(from node[{Destroyer of Demons}{VY6w95erRjGWx55-_DpM_A}{local}{local[2]}{local=true}])
2017-03-29 21:06:12.665  INFO 17484 --- [pdateTask][T#1]] org.elasticsearch.cluster.service        : [Destroyer of Demons] detected_master {Jackhammer}{2Rfys7FIRIqBaW0PEFQzJA}{local}{local[1]}{local=true}, added {{Jackhammer}{2Rfys7FIRIqBaW0PEFQzJA}{local}{local[1]}{local=true},}, reason: local-disco-receive(from master)
2017-03-29 21:06:12.759  INFO 17484 --- [    Test worker] org.elasticsearch.node                   : [Destroyer of Demons] started
2017-03-29 21:06:12.821  INFO 17484 --- [anagement][T#1]] o.e.cluster.routing.allocation.decider   : [Jackhammer] low disk watermark [85%] exceeded on [VY6w95erRjGWx55-_DpM_A][Destroyer of Demons][C:\Users\Revanth\workspace\gs-spring-boot-docker\complete\data\elasticsearch\nodes\2] free: 27.9gb[12.5%], replicas will not be assigned to this node
2017-03-29 21:06:12.821  INFO 17484 --- [anagement][T#1]] o.e.cluster.routing.allocation.decider   : [Jackhammer] low disk watermark [85%] exceeded on [2Rfys7FIRIqBaW0PEFQzJA][Jackhammer][C:\Users\Revanth\workspace\gs-spring-boot-docker\complete\data\elasticsearch\nodes\1] free: 27.9gb[12.5%], replicas will not be assigned to this node
2017-03-29 21:06:13.122  INFO 17484 --- [    Test worker] s.w.s.m.m.a.RequestMappingHandlerAdapter : Looking for @ControllerAdvice: org.springframework.boot.context.embedded.AnnotationConfigEmbeddedWebApplicationContext@1d16edde: startup date [Wed Mar 29 21:06:08 PDT 2017]; root of context hierarchy
2017-03-29 21:06:13.155  INFO 17484 --- [    Test worker] s.w.s.m.m.a.RequestMappingHandlerMapping : Mapped "{[/api/savePost]}" onto public java.lang.String hello.Application.savePost(java.lang.String)
2017-03-29 21:06:13.157  INFO 17484 --- [    Test worker] s.w.s.m.m.a.RequestMappingHandlerMapping : Mapped "{[/]}" onto public java.lang.String hello.Application.home()
2017-03-29 21:06:13.158  INFO 17484 --- [    Test worker] s.w.s.m.m.a.RequestMappingHandlerMapping : Mapped "{[/api/getPosts]}" onto public java.lang.String hello.Application.getPost()
2017-03-29 21:06:13.166  INFO 17484 --- [    Test worker] s.w.s.m.m.a.RequestMappingHandlerMapping : Mapped "{[/error]}" onto public org.springframework.http.ResponseEntity<java.util.Map<java.lang.String, java.lang.Object>> org.springframework.boot.autoconfigure.web.BasicErrorController.error(javax.servlet.http.HttpServletRequest)
2017-03-29 21:06:13.166  INFO 17484 --- [    Test worker] s.w.s.m.m.a.RequestMappingHandlerMapping : Mapped "{[/error],produces=[text/html]}" onto public org.springframework.web.servlet.ModelAndView org.springframework.boot.autoconfigure.web.BasicErrorController.errorHtml(javax.servlet.http.HttpServletRequest,javax.servlet.http.HttpServletResponse)
2017-03-29 21:06:13.208  INFO 17484 --- [    Test worker] o.s.w.s.handler.SimpleUrlHandlerMapping  : Mapped URL path [/webjars/**] onto handler of type [class org.springframework.web.servlet.resource.ResourceHttpRequestHandler]
2017-03-29 21:06:13.208  INFO 17484 --- [    Test worker] o.s.w.s.handler.SimpleUrlHandlerMapping  : Mapped URL path [/**] onto handler of type [class org.springframework.web.servlet.resource.ResourceHttpRequestHandler]
2017-03-29 21:06:13.265  INFO 17484 --- [    Test worker] o.s.w.s.handler.SimpleUrlHandlerMapping  : Mapped URL path [/**/favicon.ico] onto handler of type [class org.springframework.web.servlet.resource.ResourceHttpRequestHandler]
2017-03-29 21:06:13.550  INFO 17484 --- [    Test worker] s.b.c.e.t.TomcatEmbeddedServletContainer : Tomcat started on port(s): 51050 (http)
2017-03-29 21:06:13.554  INFO 17484 --- [    Test worker] hello.HelloWorldConfigurationTests       : Started HelloWorldConfigurationTests in 5.385 seconds (JVM running for 34.342)
2017-03-29 21:06:13.951  INFO 17484 --- [o-auto-1-exec-1] o.a.c.c.C.[Tomcat].[localhost].[/]       : Initializing Spring FrameworkServlet 'dispatcherServlet'
2017-03-29 21:06:13.966  INFO 17484 --- [o-auto-1-exec-1] o.s.web.servlet.DispatcherServlet        : FrameworkServlet 'dispatcherServlet': initialization started
2017-03-29 21:06:14.032  INFO 17484 --- [o-auto-1-exec-1] o.s.web.servlet.DispatcherServlet        : FrameworkServlet 'dispatcherServlet': initialization completed in 65 ms
2017-03-29 21:06:14.149  INFO 17484 --- [    Test worker] ationConfigEmbeddedWebApplicationContext : Closing org.springframework.boot.context.embedded.AnnotationConfigEmbeddedWebApplicationContext@1d16edde: startup date [Wed Mar 29 21:06:08 PDT 2017]; root of context hierarchy
2017-03-29 21:06:14.151  INFO 17484 --- [    Test worker] s.b.a.d.e.ElasticsearchAutoConfiguration : Closing Elasticsearch client
2017-03-29 21:06:14.152  INFO 17484 --- [    Test worker] org.elasticsearch.node                   : [Destroyer of Demons] stopping ...
2017-03-29 21:06:14.157  INFO 17484 --- [pdateTask][T#1]] org.elasticsearch.cluster.service        : [Jackhammer] removed {{Destroyer of Demons}{VY6w95erRjGWx55-_DpM_A}{local}{local[2]}{local=true},}, reason: local-disco-update
2017-03-29 21:06:14.161  INFO 17484 --- [    Test worker] org.elasticsearch.node                   : [Destroyer of Demons] stopped
2017-03-29 21:06:14.161  INFO 17484 --- [    Test worker] org.elasticsearch.node                   : [Destroyer of Demons] closing ...
2017-03-29 21:06:14.172  INFO 17484 --- [    Test worker] org.elasticsearch.node                   : [Destroyer of Demons] closed
]]></system-out>
  <system-err><![CDATA[]]></system-err>
</testsuite>
