<?xml version="1.0" encoding="UTF-8"?>
<testsuite name="com.elasticsearch.org.services.PostServiceTest" tests="1" skipped="0" failures="0" errors="0" timestamp="2017-03-29T21:48:12" hostname="Revanth" time="2.839">
  <properties/>
  <testcase name="testFindByTagsName" classname="com.elasticsearch.org.services.PostServiceTest" time="2.839"/>
  <system-out><![CDATA[14:47:59.907 [Test worker] DEBUG org.springframework.test.context.junit4.SpringJUnit4ClassRunner - SpringJUnit4ClassRunner constructor called with [class com.elasticsearch.org.services.PostServiceTest]
14:47:59.927 [Test worker] DEBUG org.springframework.test.context.BootstrapUtils - Instantiating CacheAwareContextLoaderDelegate from class [org.springframework.test.context.cache.DefaultCacheAwareContextLoaderDelegate]
14:47:59.947 [Test worker] DEBUG org.springframework.test.context.BootstrapUtils - Instantiating BootstrapContext using constructor [public org.springframework.test.context.support.DefaultBootstrapContext(java.lang.Class,org.springframework.test.context.CacheAwareContextLoaderDelegate)]
14:48:00.001 [Test worker] DEBUG org.springframework.test.context.BootstrapUtils - Instantiating TestContextBootstrapper for test class [com.elasticsearch.org.services.PostServiceTest] from class [org.springframework.boot.test.context.SpringBootTestContextBootstrapper]
14:48:00.049 [Test worker] INFO org.springframework.boot.test.context.SpringBootTestContextBootstrapper - Neither @ContextConfiguration nor @ContextHierarchy found for test class [com.elasticsearch.org.services.PostServiceTest], using SpringBootContextLoader
14:48:00.069 [Test worker] DEBUG org.springframework.test.context.support.AbstractContextLoader - Did not detect default resource location for test class [com.elasticsearch.org.services.PostServiceTest]: class path resource [com/elasticsearch/org/services/PostServiceTest-context.xml] does not exist
14:48:00.070 [Test worker] DEBUG org.springframework.test.context.support.AbstractContextLoader - Did not detect default resource location for test class [com.elasticsearch.org.services.PostServiceTest]: class path resource [com/elasticsearch/org/services/PostServiceTestContext.groovy] does not exist
14:48:00.071 [Test worker] INFO org.springframework.test.context.support.AbstractContextLoader - Could not detect default resource locations for test class [com.elasticsearch.org.services.PostServiceTest]: no resource found for suffixes {-context.xml, Context.groovy}.
14:48:00.167 [Test worker] DEBUG org.springframework.test.context.support.ActiveProfilesUtils - Could not find an 'annotation declaring class' for annotation type [org.springframework.test.context.ActiveProfiles] and class [com.elasticsearch.org.services.PostServiceTest]
14:48:00.298 [Test worker] DEBUG org.springframework.boot.test.context.SpringBootTestContextBootstrapper - @TestExecutionListeners is not present for class [com.elasticsearch.org.services.PostServiceTest]: using defaults.
14:48:00.309 [Test worker] INFO org.springframework.boot.test.context.SpringBootTestContextBootstrapper - Loaded default TestExecutionListener class names from location [META-INF/spring.factories]: [org.springframework.boot.test.mock.mockito.MockitoTestExecutionListener, org.springframework.boot.test.mock.mockito.ResetMocksTestExecutionListener, org.springframework.boot.test.autoconfigure.restdocs.RestDocsTestExecutionListener, org.springframework.boot.test.autoconfigure.web.client.MockRestServiceServerResetTestExecutionListener, org.springframework.boot.test.autoconfigure.web.servlet.MockMvcPrintOnlyOnFailureTestExecutionListener, org.springframework.boot.test.autoconfigure.web.servlet.WebDriverTestExecutionListener, org.springframework.test.context.web.ServletTestExecutionListener, org.springframework.test.context.support.DirtiesContextBeforeModesTestExecutionListener, org.springframework.test.context.support.DependencyInjectionTestExecutionListener, org.springframework.test.context.support.DirtiesContextTestExecutionListener, org.springframework.test.context.transaction.TransactionalTestExecutionListener, org.springframework.test.context.jdbc.SqlScriptsTestExecutionListener]
14:48:00.361 [Test worker] INFO org.springframework.boot.test.context.SpringBootTestContextBootstrapper - Using TestExecutionListeners: [org.springframework.test.context.web.ServletTestExecutionListener@2f81d931, org.springframework.test.context.support.DirtiesContextBeforeModesTestExecutionListener@281f77f4, org.springframework.boot.test.autoconfigure.SpringBootDependencyInjectionTestExecutionListener@22bd75eb, org.springframework.test.context.support.DirtiesContextTestExecutionListener@14a4672f, org.springframework.test.context.transaction.TransactionalTestExecutionListener@354d6cdb, org.springframework.test.context.jdbc.SqlScriptsTestExecutionListener@663e1d51, org.springframework.boot.test.mock.mockito.MockitoTestExecutionListener@2fe53e50, org.springframework.boot.test.autoconfigure.web.client.MockRestServiceServerResetTestExecutionListener@18cfb99c, org.springframework.boot.test.autoconfigure.web.servlet.MockMvcPrintOnlyOnFailureTestExecutionListener@46ba35ea, org.springframework.boot.test.autoconfigure.restdocs.RestDocsTestExecutionListener@50786cf9, org.springframework.boot.test.autoconfigure.web.servlet.WebDriverTestExecutionListener@5669df18, org.springframework.boot.test.mock.mockito.ResetMocksTestExecutionListener@338f9f10]
14:48:00.371 [Test worker] DEBUG org.springframework.test.annotation.ProfileValueUtils - Retrieved @ProfileValueSourceConfiguration [null] for test class [com.elasticsearch.org.services.PostServiceTest]
14:48:00.372 [Test worker] DEBUG org.springframework.test.annotation.ProfileValueUtils - Retrieved ProfileValueSource type [class org.springframework.test.annotation.SystemProfileValueSource] for class [com.elasticsearch.org.services.PostServiceTest]
14:48:00.373 [Test worker] DEBUG org.springframework.test.annotation.ProfileValueUtils - Retrieved @ProfileValueSourceConfiguration [null] for test class [com.elasticsearch.org.services.PostServiceTest]
14:48:00.374 [Test worker] DEBUG org.springframework.test.annotation.ProfileValueUtils - Retrieved ProfileValueSource type [class org.springframework.test.annotation.SystemProfileValueSource] for class [com.elasticsearch.org.services.PostServiceTest]
14:48:00.387 [Test worker] DEBUG org.springframework.test.context.support.AbstractDirtiesContextTestExecutionListener - Before test class: context [DefaultTestContext@72987591 testClass = PostServiceTest, testInstance = [null], testMethod = [null], testException = [null], mergedContextConfiguration = [WebMergedContextConfiguration@b802751 testClass = PostServiceTest, locations = '{}', classes = '{class hello.Application, class hello.Application}', contextInitializerClasses = '[]', activeProfiles = '{}', propertySourceLocations = '{}', propertySourceProperties = '{org.springframework.boot.test.context.SpringBootTestContextBootstrapper=true}', contextCustomizers = set[org.springframework.boot.test.context.SpringBootTestContextCustomizer@521fb165, org.springframework.boot.test.context.filter.ExcludeFilterContextCustomizer@600d3ab4, org.springframework.boot.test.mock.mockito.MockitoContextCustomizer@0, org.springframework.boot.test.autoconfigure.properties.PropertyMappingContextCustomizer@0, org.springframework.boot.test.autoconfigure.web.servlet.WebDriverContextCustomizerFactory$Customizer@204bdbc6], resourceBasePath = 'src/main/webapp', contextLoader = 'org.springframework.boot.test.context.SpringBootContextLoader', parent = [null]]], class annotated with @DirtiesContext [false] with mode [null].
14:48:00.389 [Test worker] DEBUG org.springframework.test.annotation.ProfileValueUtils - Retrieved @ProfileValueSourceConfiguration [null] for test class [com.elasticsearch.org.services.PostServiceTest]
14:48:00.389 [Test worker] DEBUG org.springframework.test.annotation.ProfileValueUtils - Retrieved ProfileValueSource type [class org.springframework.test.annotation.SystemProfileValueSource] for class [com.elasticsearch.org.services.PostServiceTest]
14:48:00.652 [Test worker] DEBUG org.springframework.core.env.StandardEnvironment - Adding [systemProperties] PropertySource with lowest search precedence
14:48:00.655 [Test worker] DEBUG org.springframework.core.env.StandardEnvironment - Adding [systemEnvironment] PropertySource with lowest search precedence
14:48:00.655 [Test worker] DEBUG org.springframework.core.env.StandardEnvironment - Initialized StandardEnvironment with PropertySources [systemProperties,systemEnvironment]
14:48:00.657 [Test worker] DEBUG org.springframework.core.env.MutablePropertySources - Adding [inline] PropertySource with highest search precedence
14:48:00.671 [Test worker] DEBUG org.springframework.test.context.support.TestPropertySourceUtils - Adding inlined properties to environment: {spring.jmx.enabled=false, org.springframework.boot.test.context.SpringBootTestContextBootstrapper=true, server.port=-1}
14:48:00.672 [Test worker] DEBUG org.springframework.core.env.StandardEnvironment - Adding [Inlined Test Properties] PropertySource with highest search precedence

  .   ____          _            __ _ _
 /\\ / ___'_ __ _ _(_)_ __  __ _ \ \ \ \
( ( )\___ | '_ | '_| | '_ \/ _` | \ \ \ \
 \\/  ___)| |_)| | | | | || (_| |  ) ) ) )
  '  |____| .__|_| |_|_| |_\__, | / / / /
 =========|_|==============|___/=/_/_/_/
 :: Spring Boot ::        (v1.5.2.RELEASE)

2017-03-29 14:48:01.449  INFO 20204 --- [    Test worker] c.e.org.services.PostServiceTest         : Starting PostServiceTest on Revanth with PID 20204 (started by Revanth in C:\Users\Revanth\workspace\gs-spring-boot-docker\complete)
2017-03-29 14:48:01.451  INFO 20204 --- [    Test worker] c.e.org.services.PostServiceTest         : No active profile set, falling back to default profiles: default
2017-03-29 14:48:01.565  INFO 20204 --- [    Test worker] o.s.w.c.s.GenericWebApplicationContext   : Refreshing org.springframework.web.context.support.GenericWebApplicationContext@6860a970: startup date [Wed Mar 29 14:48:01 PDT 2017]; root of context hierarchy
2017-03-29 14:48:05.939  INFO 20204 --- [    Test worker] org.elasticsearch.node                   : [La Lunatica] version[2.4.4], pid[20204], build[fcbb46d/2017-01-03T11:33:16Z]
2017-03-29 14:48:05.939  INFO 20204 --- [    Test worker] org.elasticsearch.node                   : [La Lunatica] initializing ...
2017-03-29 14:48:05.950  INFO 20204 --- [    Test worker] org.elasticsearch.plugins                : [La Lunatica] modules [], plugins [], sites []
2017-03-29 14:48:05.983  INFO 20204 --- [    Test worker] org.elasticsearch.env                    : [La Lunatica] using [1] data paths, mounts [[Windows8_OS (C:)]], net usable_space [29.1gb], net total_space [223gb], spins? [unknown], types [NTFS]
2017-03-29 14:48:05.984  INFO 20204 --- [    Test worker] org.elasticsearch.env                    : [La Lunatica] heap size [1.7gb], compressed ordinary object pointers [true]
2017-03-29 14:48:08.446  WARN 20204 --- [    Test worker] org.elasticsearch.bootstrap              : JNA not found. native methods will be disabled.

java.lang.ClassNotFoundException: com.sun.jna.Native
	at java.net.URLClassLoader$1.run(URLClassLoader.java:372) ~[na:1.8.0_20]
	at java.net.URLClassLoader$1.run(URLClassLoader.java:361) ~[na:1.8.0_20]
	at java.security.AccessController.doPrivileged(Native Method) ~[na:1.8.0_20]
	at java.net.URLClassLoader.findClass(URLClassLoader.java:360) ~[na:1.8.0_20]
	at java.lang.ClassLoader.loadClass(ClassLoader.java:424) ~[na:1.8.0_20]
	at sun.misc.Launcher$AppClassLoader.loadClass(Launcher.java:308) ~[na:1.8.0_20]
	at java.lang.ClassLoader.loadClass(ClassLoader.java:357) ~[na:1.8.0_20]
	at java.lang.Class.forName0(Native Method) ~[na:1.8.0_20]
	at java.lang.Class.forName(Class.java:259) ~[na:1.8.0_20]
	at org.elasticsearch.bootstrap.Natives.<clinit>(Natives.java:45) ~[elasticsearch-2.4.4.jar:2.4.4]
	at org.elasticsearch.bootstrap.BootstrapInfo.isMemoryLocked(BootstrapInfo.java:44) [elasticsearch-2.4.4.jar:2.4.4]
	at org.elasticsearch.monitor.process.ProcessProbe.processInfo(ProcessProbe.java:130) [elasticsearch-2.4.4.jar:2.4.4]
	at org.elasticsearch.monitor.process.ProcessService.<init>(ProcessService.java:44) [elasticsearch-2.4.4.jar:2.4.4]
	at sun.reflect.NativeConstructorAccessorImpl.newInstance0(Native Method) [na:1.8.0_20]
	at sun.reflect.NativeConstructorAccessorImpl.newInstance(NativeConstructorAccessorImpl.java:62) [na:1.8.0_20]
	at sun.reflect.DelegatingConstructorAccessorImpl.newInstance(DelegatingConstructorAccessorImpl.java:45) [na:1.8.0_20]
	at java.lang.reflect.Constructor.newInstance(Constructor.java:408) [na:1.8.0_20]
	at org.elasticsearch.common.inject.DefaultConstructionProxyFactory$1.newInstance(DefaultConstructionProxyFactory.java:50) [elasticsearch-2.4.4.jar:2.4.4]
	at org.elasticsearch.common.inject.ConstructorInjector.construct(ConstructorInjector.java:86) [elasticsearch-2.4.4.jar:2.4.4]
	at org.elasticsearch.common.inject.ConstructorBindingImpl$Factory.get(ConstructorBindingImpl.java:104) [elasticsearch-2.4.4.jar:2.4.4]
	at org.elasticsearch.common.inject.ProviderToInternalFactoryAdapter$1.call(ProviderToInternalFactoryAdapter.java:47) [elasticsearch-2.4.4.jar:2.4.4]
	at org.elasticsearch.common.inject.InjectorImpl.callInContext(InjectorImpl.java:886) [elasticsearch-2.4.4.jar:2.4.4]
	at org.elasticsearch.common.inject.ProviderToInternalFactoryAdapter.get(ProviderToInternalFactoryAdapter.java:43) [elasticsearch-2.4.4.jar:2.4.4]
	at org.elasticsearch.common.inject.Scopes$1$1.get(Scopes.java:59) [elasticsearch-2.4.4.jar:2.4.4]
	at org.elasticsearch.common.inject.InternalFactoryToProviderAdapter.get(InternalFactoryToProviderAdapter.java:46) [elasticsearch-2.4.4.jar:2.4.4]
	at org.elasticsearch.common.inject.SingleParameterInjector.inject(SingleParameterInjector.java:42) [elasticsearch-2.4.4.jar:2.4.4]
	at org.elasticsearch.common.inject.SingleParameterInjector.getAll(SingleParameterInjector.java:66) [elasticsearch-2.4.4.jar:2.4.4]
	at org.elasticsearch.common.inject.ConstructorInjector.construct(ConstructorInjector.java:85) [elasticsearch-2.4.4.jar:2.4.4]
	at org.elasticsearch.common.inject.ConstructorBindingImpl$Factory.get(ConstructorBindingImpl.java:104) [elasticsearch-2.4.4.jar:2.4.4]
	at org.elasticsearch.common.inject.SingleParameterInjector.inject(SingleParameterInjector.java:42) [elasticsearch-2.4.4.jar:2.4.4]
	at org.elasticsearch.common.inject.SingleParameterInjector.getAll(SingleParameterInjector.java:66) [elasticsearch-2.4.4.jar:2.4.4]
	at org.elasticsearch.common.inject.ConstructorInjector.construct(ConstructorInjector.java:85) [elasticsearch-2.4.4.jar:2.4.4]
	at org.elasticsearch.common.inject.ConstructorBindingImpl$Factory.get(ConstructorBindingImpl.java:104) [elasticsearch-2.4.4.jar:2.4.4]
	at org.elasticsearch.common.inject.ProviderToInternalFactoryAdapter$1.call(ProviderToInternalFactoryAdapter.java:47) [elasticsearch-2.4.4.jar:2.4.4]
	at org.elasticsearch.common.inject.InjectorImpl.callInContext(InjectorImpl.java:886) [elasticsearch-2.4.4.jar:2.4.4]
	at org.elasticsearch.common.inject.ProviderToInternalFactoryAdapter.get(ProviderToInternalFactoryAdapter.java:43) [elasticsearch-2.4.4.jar:2.4.4]
	at org.elasticsearch.common.inject.Scopes$1$1.get(Scopes.java:59) [elasticsearch-2.4.4.jar:2.4.4]
	at org.elasticsearch.common.inject.InternalFactoryToProviderAdapter.get(InternalFactoryToProviderAdapter.java:46) [elasticsearch-2.4.4.jar:2.4.4]
	at org.elasticsearch.common.inject.InjectorBuilder$1.call(InjectorBuilder.java:201) [elasticsearch-2.4.4.jar:2.4.4]
	at org.elasticsearch.common.inject.InjectorBuilder$1.call(InjectorBuilder.java:193) [elasticsearch-2.4.4.jar:2.4.4]
	at org.elasticsearch.common.inject.InjectorImpl.callInContext(InjectorImpl.java:879) [elasticsearch-2.4.4.jar:2.4.4]
	at org.elasticsearch.common.inject.InjectorBuilder.loadEagerSingletons(InjectorBuilder.java:193) [elasticsearch-2.4.4.jar:2.4.4]
	at org.elasticsearch.common.inject.InjectorBuilder.injectDynamically(InjectorBuilder.java:175) [elasticsearch-2.4.4.jar:2.4.4]
	at org.elasticsearch.common.inject.InjectorBuilder.build(InjectorBuilder.java:110) [elasticsearch-2.4.4.jar:2.4.4]
	at org.elasticsearch.common.inject.Guice.createInjector(Guice.java:93) [elasticsearch-2.4.4.jar:2.4.4]
	at org.elasticsearch.common.inject.Guice.createInjector(Guice.java:70) [elasticsearch-2.4.4.jar:2.4.4]
	at org.elasticsearch.common.inject.ModulesBuilder.createInjector(ModulesBuilder.java:46) [elasticsearch-2.4.4.jar:2.4.4]
	at org.elasticsearch.node.Node.<init>(Node.java:213) [elasticsearch-2.4.4.jar:2.4.4]
	at org.elasticsearch.node.Node.<init>(Node.java:140) [elasticsearch-2.4.4.jar:2.4.4]
	at org.elasticsearch.node.NodeBuilder.build(NodeBuilder.java:143) [elasticsearch-2.4.4.jar:2.4.4]
	at org.elasticsearch.node.NodeBuilder.node(NodeBuilder.java:150) [elasticsearch-2.4.4.jar:2.4.4]
	at org.springframework.boot.autoconfigure.data.elasticsearch.ElasticsearchAutoConfiguration.createNodeClient(ElasticsearchAutoConfiguration.java:107) [spring-boot-autoconfigure-1.5.2.RELEASE.jar:1.5.2.RELEASE]
	at org.springframework.boot.autoconfigure.data.elasticsearch.ElasticsearchAutoConfiguration.createClient(ElasticsearchAutoConfiguration.java:95) [spring-boot-autoconfigure-1.5.2.RELEASE.jar:1.5.2.RELEASE]
	at org.springframework.boot.autoconfigure.data.elasticsearch.ElasticsearchAutoConfiguration.elasticsearchClient(ElasticsearchAutoConfiguration.java:84) [spring-boot-autoconfigure-1.5.2.RELEASE.jar:1.5.2.RELEASE]
	at org.springframework.boot.autoconfigure.data.elasticsearch.ElasticsearchAutoConfiguration$$EnhancerBySpringCGLIB$$44afbe17.CGLIB$elasticsearchClient$1(<generated>) [spring-boot-autoconfigure-1.5.2.RELEASE.jar:1.5.2.RELEASE]
	at org.springframework.boot.autoconfigure.data.elasticsearch.ElasticsearchAutoConfiguration$$EnhancerBySpringCGLIB$$44afbe17$$FastClassBySpringCGLIB$$ac3305f4.invoke(<generated>) [spring-boot-autoconfigure-1.5.2.RELEASE.jar:1.5.2.RELEASE]
	at org.springframework.cglib.proxy.MethodProxy.invokeSuper(MethodProxy.java:228) [spring-core-4.3.7.RELEASE.jar:4.3.7.RELEASE]
	at org.springframework.context.annotation.ConfigurationClassEnhancer$BeanMethodInterceptor.intercept(ConfigurationClassEnhancer.java:358) [spring-context-4.3.7.RELEASE.jar:4.3.7.RELEASE]
	at org.springframework.boot.autoconfigure.data.elasticsearch.ElasticsearchAutoConfiguration$$EnhancerBySpringCGLIB$$44afbe17.elasticsearchClient(<generated>) [spring-boot-autoconfigure-1.5.2.RELEASE.jar:1.5.2.RELEASE]
	at sun.reflect.NativeMethodAccessorImpl.invoke0(Native Method) ~[na:1.8.0_20]
	at sun.reflect.NativeMethodAccessorImpl.invoke(NativeMethodAccessorImpl.java:62) ~[na:1.8.0_20]
	at sun.reflect.DelegatingMethodAccessorImpl.invoke(DelegatingMethodAccessorImpl.java:43) ~[na:1.8.0_20]
	at java.lang.reflect.Method.invoke(Method.java:483) ~[na:1.8.0_20]
	at org.springframework.beans.factory.support.SimpleInstantiationStrategy.instantiate(SimpleInstantiationStrategy.java:162) [spring-beans-4.3.7.RELEASE.jar:4.3.7.RELEASE]
	at org.springframework.beans.factory.support.ConstructorResolver.instantiateUsingFactoryMethod(ConstructorResolver.java:588) [spring-beans-4.3.7.RELEASE.jar:4.3.7.RELEASE]
	at org.springframework.beans.factory.support.AbstractAutowireCapableBeanFactory.instantiateUsingFactoryMethod(AbstractAutowireCapableBeanFactory.java:1173) [spring-beans-4.3.7.RELEASE.jar:4.3.7.RELEASE]
	at org.springframework.beans.factory.support.AbstractAutowireCapableBeanFactory.createBeanInstance(AbstractAutowireCapableBeanFactory.java:1067) [spring-beans-4.3.7.RELEASE.jar:4.3.7.RELEASE]
	at org.springframework.beans.factory.support.AbstractAutowireCapableBeanFactory.doCreateBean(AbstractAutowireCapableBeanFactory.java:513) [spring-beans-4.3.7.RELEASE.jar:4.3.7.RELEASE]
	at org.springframework.beans.factory.support.AbstractAutowireCapableBeanFactory.createBean(AbstractAutowireCapableBeanFactory.java:483) [spring-beans-4.3.7.RELEASE.jar:4.3.7.RELEASE]
	at org.springframework.beans.factory.support.AbstractBeanFactory$1.getObject(AbstractBeanFactory.java:306) [spring-beans-4.3.7.RELEASE.jar:4.3.7.RELEASE]
	at org.springframework.beans.factory.support.DefaultSingletonBeanRegistry.getSingleton(DefaultSingletonBeanRegistry.java:230) [spring-beans-4.3.7.RELEASE.jar:4.3.7.RELEASE]
	at org.springframework.beans.factory.support.AbstractBeanFactory.doGetBean(AbstractBeanFactory.java:302) [spring-beans-4.3.7.RELEASE.jar:4.3.7.RELEASE]
	at org.springframework.beans.factory.support.AbstractBeanFactory.getBean(AbstractBeanFactory.java:202) [spring-beans-4.3.7.RELEASE.jar:4.3.7.RELEASE]
	at org.springframework.beans.factory.config.DependencyDescriptor.resolveCandidate(DependencyDescriptor.java:208) [spring-beans-4.3.7.RELEASE.jar:4.3.7.RELEASE]
	at org.springframework.beans.factory.support.DefaultListableBeanFactory.doResolveDependency(DefaultListableBeanFactory.java:1138) [spring-beans-4.3.7.RELEASE.jar:4.3.7.RELEASE]
	at org.springframework.beans.factory.support.DefaultListableBeanFactory.resolveDependency(DefaultListableBeanFactory.java:1066) [spring-beans-4.3.7.RELEASE.jar:4.3.7.RELEASE]
	at org.springframework.beans.factory.support.ConstructorResolver.resolveAutowiredArgument(ConstructorResolver.java:835) [spring-beans-4.3.7.RELEASE.jar:4.3.7.RELEASE]
	at org.springframework.beans.factory.support.ConstructorResolver.createArgumentArray(ConstructorResolver.java:741) [spring-beans-4.3.7.RELEASE.jar:4.3.7.RELEASE]
	at org.springframework.beans.factory.support.ConstructorResolver.instantiateUsingFactoryMethod(ConstructorResolver.java:467) [spring-beans-4.3.7.RELEASE.jar:4.3.7.RELEASE]
	at org.springframework.beans.factory.support.AbstractAutowireCapableBeanFactory.instantiateUsingFactoryMethod(AbstractAutowireCapableBeanFactory.java:1173) [spring-beans-4.3.7.RELEASE.jar:4.3.7.RELEASE]
	at org.springframework.beans.factory.support.AbstractAutowireCapableBeanFactory.createBeanInstance(AbstractAutowireCapableBeanFactory.java:1067) [spring-beans-4.3.7.RELEASE.jar:4.3.7.RELEASE]
	at org.springframework.beans.factory.support.AbstractAutowireCapableBeanFactory.doCreateBean(AbstractAutowireCapableBeanFactory.java:513) [spring-beans-4.3.7.RELEASE.jar:4.3.7.RELEASE]
	at org.springframework.beans.factory.support.AbstractAutowireCapableBeanFactory.createBean(AbstractAutowireCapableBeanFactory.java:483) [spring-beans-4.3.7.RELEASE.jar:4.3.7.RELEASE]
	at org.springframework.beans.factory.support.AbstractBeanFactory$1.getObject(AbstractBeanFactory.java:306) [spring-beans-4.3.7.RELEASE.jar:4.3.7.RELEASE]
	at org.springframework.beans.factory.support.DefaultSingletonBeanRegistry.getSingleton(DefaultSingletonBeanRegistry.java:230) [spring-beans-4.3.7.RELEASE.jar:4.3.7.RELEASE]
	at org.springframework.beans.factory.support.AbstractBeanFactory.doGetBean(AbstractBeanFactory.java:302) [spring-beans-4.3.7.RELEASE.jar:4.3.7.RELEASE]
	at org.springframework.beans.factory.support.AbstractBeanFactory.getBean(AbstractBeanFactory.java:197) [spring-beans-4.3.7.RELEASE.jar:4.3.7.RELEASE]
	at org.springframework.beans.factory.support.BeanDefinitionValueResolver.resolveReference(BeanDefinitionValueResolver.java:351) [spring-beans-4.3.7.RELEASE.jar:4.3.7.RELEASE]
	at org.springframework.beans.factory.support.BeanDefinitionValueResolver.resolveValueIfNecessary(BeanDefinitionValueResolver.java:108) [spring-beans-4.3.7.RELEASE.jar:4.3.7.RELEASE]
	at org.springframework.beans.factory.support.AbstractAutowireCapableBeanFactory.applyPropertyValues(AbstractAutowireCapableBeanFactory.java:1531) [spring-beans-4.3.7.RELEASE.jar:4.3.7.RELEASE]
	at org.springframework.beans.factory.support.AbstractAutowireCapableBeanFactory.populateBean(AbstractAutowireCapableBeanFactory.java:1276) [spring-beans-4.3.7.RELEASE.jar:4.3.7.RELEASE]
	at org.springframework.beans.factory.support.AbstractAutowireCapableBeanFactory.doCreateBean(AbstractAutowireCapableBeanFactory.java:553) [spring-beans-4.3.7.RELEASE.jar:4.3.7.RELEASE]
	at org.springframework.beans.factory.support.AbstractAutowireCapableBeanFactory.createBean(AbstractAutowireCapableBeanFactory.java:483) [spring-beans-4.3.7.RELEASE.jar:4.3.7.RELEASE]
	at org.springframework.beans.factory.support.AbstractBeanFactory$1.getObject(AbstractBeanFactory.java:306) [spring-beans-4.3.7.RELEASE.jar:4.3.7.RELEASE]
	at org.springframework.beans.factory.support.DefaultSingletonBeanRegistry.getSingleton(DefaultSingletonBeanRegistry.java:230) [spring-beans-4.3.7.RELEASE.jar:4.3.7.RELEASE]
	at org.springframework.beans.factory.support.AbstractBeanFactory.doGetBean(AbstractBeanFactory.java:302) [spring-beans-4.3.7.RELEASE.jar:4.3.7.RELEASE]
	at org.springframework.beans.factory.support.AbstractBeanFactory.getBean(AbstractBeanFactory.java:202) [spring-beans-4.3.7.RELEASE.jar:4.3.7.RELEASE]
	at org.springframework.beans.factory.config.DependencyDescriptor.resolveCandidate(DependencyDescriptor.java:208) [spring-beans-4.3.7.RELEASE.jar:4.3.7.RELEASE]
	at org.springframework.beans.factory.support.DefaultListableBeanFactory.doResolveDependency(DefaultListableBeanFactory.java:1138) [spring-beans-4.3.7.RELEASE.jar:4.3.7.RELEASE]
	at org.springframework.beans.factory.support.DefaultListableBeanFactory.resolveDependency(DefaultListableBeanFactory.java:1066) [spring-beans-4.3.7.RELEASE.jar:4.3.7.RELEASE]
	at org.springframework.beans.factory.annotation.AutowiredAnnotationBeanPostProcessor$AutowiredFieldElement.inject(AutowiredAnnotationBeanPostProcessor.java:585) [spring-beans-4.3.7.RELEASE.jar:4.3.7.RELEASE]
	at org.springframework.beans.factory.annotation.InjectionMetadata.inject(InjectionMetadata.java:88) [spring-beans-4.3.7.RELEASE.jar:4.3.7.RELEASE]
	at org.springframework.beans.factory.annotation.AutowiredAnnotationBeanPostProcessor.postProcessPropertyValues(AutowiredAnnotationBeanPostProcessor.java:366) [spring-beans-4.3.7.RELEASE.jar:4.3.7.RELEASE]
	at org.springframework.beans.factory.support.AbstractAutowireCapableBeanFactory.populateBean(AbstractAutowireCapableBeanFactory.java:1264) [spring-beans-4.3.7.RELEASE.jar:4.3.7.RELEASE]
	at org.springframework.beans.factory.support.AbstractAutowireCapableBeanFactory.doCreateBean(AbstractAutowireCapableBeanFactory.java:553) [spring-beans-4.3.7.RELEASE.jar:4.3.7.RELEASE]
	at org.springframework.beans.factory.support.AbstractAutowireCapableBeanFactory.createBean(AbstractAutowireCapableBeanFactory.java:483) [spring-beans-4.3.7.RELEASE.jar:4.3.7.RELEASE]
	at org.springframework.beans.factory.support.AbstractBeanFactory$1.getObject(AbstractBeanFactory.java:306) [spring-beans-4.3.7.RELEASE.jar:4.3.7.RELEASE]
	at org.springframework.beans.factory.support.DefaultSingletonBeanRegistry.getSingleton(DefaultSingletonBeanRegistry.java:230) [spring-beans-4.3.7.RELEASE.jar:4.3.7.RELEASE]
	at org.springframework.beans.factory.support.AbstractBeanFactory.doGetBean(AbstractBeanFactory.java:302) [spring-beans-4.3.7.RELEASE.jar:4.3.7.RELEASE]
	at org.springframework.beans.factory.support.AbstractBeanFactory.getBean(AbstractBeanFactory.java:197) [spring-beans-4.3.7.RELEASE.jar:4.3.7.RELEASE]
	at org.springframework.beans.factory.support.DefaultListableBeanFactory.preInstantiateSingletons(DefaultListableBeanFactory.java:761) [spring-beans-4.3.7.RELEASE.jar:4.3.7.RELEASE]
	at org.springframework.context.support.AbstractApplicationContext.finishBeanFactoryInitialization(AbstractApplicationContext.java:866) [spring-context-4.3.7.RELEASE.jar:4.3.7.RELEASE]
	at org.springframework.context.support.AbstractApplicationContext.refresh(AbstractApplicationContext.java:542) [spring-context-4.3.7.RELEASE.jar:4.3.7.RELEASE]
	at org.springframework.boot.SpringApplication.refresh(SpringApplication.java:737) [spring-boot-1.5.2.RELEASE.jar:1.5.2.RELEASE]
	at org.springframework.boot.SpringApplication.refreshContext(SpringApplication.java:370) [spring-boot-1.5.2.RELEASE.jar:1.5.2.RELEASE]
	at org.springframework.boot.SpringApplication.run(SpringApplication.java:314) [spring-boot-1.5.2.RELEASE.jar:1.5.2.RELEASE]
	at org.springframework.boot.test.context.SpringBootContextLoader.loadContext(SpringBootContextLoader.java:120) [spring-boot-test-1.5.2.RELEASE.jar:1.5.2.RELEASE]
	at org.springframework.test.context.cache.DefaultCacheAwareContextLoaderDelegate.loadContextInternal(DefaultCacheAwareContextLoaderDelegate.java:98) [spring-test-4.3.7.RELEASE.jar:4.3.7.RELEASE]
	at org.springframework.test.context.cache.DefaultCacheAwareContextLoaderDelegate.loadContext(DefaultCacheAwareContextLoaderDelegate.java:116) [spring-test-4.3.7.RELEASE.jar:4.3.7.RELEASE]
	at org.springframework.test.context.support.DefaultTestContext.getApplicationContext(DefaultTestContext.java:83) [spring-test-4.3.7.RELEASE.jar:4.3.7.RELEASE]
	at org.springframework.test.context.web.ServletTestExecutionListener.setUpRequestContextIfNecessary(ServletTestExecutionListener.java:189) [spring-test-4.3.7.RELEASE.jar:4.3.7.RELEASE]
	at org.springframework.test.context.web.ServletTestExecutionListener.prepareTestInstance(ServletTestExecutionListener.java:131) [spring-test-4.3.7.RELEASE.jar:4.3.7.RELEASE]
	at org.springframework.test.context.TestContextManager.prepareTestInstance(TestContextManager.java:230) [spring-test-4.3.7.RELEASE.jar:4.3.7.RELEASE]
	at org.springframework.test.context.junit4.SpringJUnit4ClassRunner.createTest(SpringJUnit4ClassRunner.java:228) [spring-test-4.3.7.RELEASE.jar:4.3.7.RELEASE]
	at org.springframework.test.context.junit4.SpringJUnit4ClassRunner$1.runReflectiveCall(SpringJUnit4ClassRunner.java:287) [spring-test-4.3.7.RELEASE.jar:4.3.7.RELEASE]
	at org.junit.internal.runners.model.ReflectiveCallable.run(ReflectiveCallable.java:12) [junit-4.12.jar:4.12]
	at org.springframework.test.context.junit4.SpringJUnit4ClassRunner.methodBlock(SpringJUnit4ClassRunner.java:289) [spring-test-4.3.7.RELEASE.jar:4.3.7.RELEASE]
	at org.springframework.test.context.junit4.SpringJUnit4ClassRunner.runChild(SpringJUnit4ClassRunner.java:247) [spring-test-4.3.7.RELEASE.jar:4.3.7.RELEASE]
	at org.springframework.test.context.junit4.SpringJUnit4ClassRunner.runChild(SpringJUnit4ClassRunner.java:94) [spring-test-4.3.7.RELEASE.jar:4.3.7.RELEASE]
	at org.junit.runners.ParentRunner$3.run(ParentRunner.java:290) [junit-4.12.jar:4.12]
	at org.junit.runners.ParentRunner$1.schedule(ParentRunner.java:71) [junit-4.12.jar:4.12]
	at org.junit.runners.ParentRunner.runChildren(ParentRunner.java:288) [junit-4.12.jar:4.12]
	at org.junit.runners.ParentRunner.access$000(ParentRunner.java:58) [junit-4.12.jar:4.12]
	at org.junit.runners.ParentRunner$2.evaluate(ParentRunner.java:268) [junit-4.12.jar:4.12]
	at org.springframework.test.context.junit4.statements.RunBeforeTestClassCallbacks.evaluate(RunBeforeTestClassCallbacks.java:61) [spring-test-4.3.7.RELEASE.jar:4.3.7.RELEASE]
	at org.springframework.test.context.junit4.statements.RunAfterTestClassCallbacks.evaluate(RunAfterTestClassCallbacks.java:70) [spring-test-4.3.7.RELEASE.jar:4.3.7.RELEASE]
	at org.junit.runners.ParentRunner.run(ParentRunner.java:363) [junit-4.12.jar:4.12]
	at org.springframework.test.context.junit4.SpringJUnit4ClassRunner.run(SpringJUnit4ClassRunner.java:191) [spring-test-4.3.7.RELEASE.jar:4.3.7.RELEASE]
	at org.gradle.api.internal.tasks.testing.junit.JUnitTestClassExecuter.runTestClass(JUnitTestClassExecuter.java:112) [gradle-testing-jvm-2.13.jar:2.13]
	at org.gradle.api.internal.tasks.testing.junit.JUnitTestClassExecuter.execute(JUnitTestClassExecuter.java:56) [gradle-testing-jvm-2.13.jar:2.13]
	at org.gradle.api.internal.tasks.testing.junit.JUnitTestClassProcessor.processTestClass(JUnitTestClassProcessor.java:66) [gradle-testing-jvm-2.13.jar:2.13]
	at org.gradle.api.internal.tasks.testing.SuiteTestClassProcessor.processTestClass(SuiteTestClassProcessor.java:51) [gradle-testing-base-2.13.jar:2.13]
	at sun.reflect.NativeMethodAccessorImpl.invoke0(Native Method) ~[na:1.8.0_20]
	at sun.reflect.NativeMethodAccessorImpl.invoke(NativeMethodAccessorImpl.java:62) ~[na:1.8.0_20]
	at sun.reflect.DelegatingMethodAccessorImpl.invoke(DelegatingMethodAccessorImpl.java:43) ~[na:1.8.0_20]
	at java.lang.reflect.Method.invoke(Method.java:483) ~[na:1.8.0_20]
	at org.gradle.messaging.dispatch.ReflectionDispatch.dispatch(ReflectionDispatch.java:35) [gradle-messaging-2.13.jar:2.13]
	at org.gradle.messaging.dispatch.ReflectionDispatch.dispatch(ReflectionDispatch.java:24) [gradle-messaging-2.13.jar:2.13]
	at org.gradle.messaging.dispatch.ContextClassLoaderDispatch.dispatch(ContextClassLoaderDispatch.java:32) [gradle-messaging-2.13.jar:2.13]
	at org.gradle.messaging.dispatch.ProxyDispatchAdapter$DispatchingInvocationHandler.invoke(ProxyDispatchAdapter.java:93) [gradle-messaging-2.13.jar:2.13]
	at com.sun.proxy.$Proxy2.processTestClass(Unknown Source) [na:na]
	at org.gradle.api.internal.tasks.testing.worker.TestWorker.processTestClass(TestWorker.java:109) [gradle-testing-base-2.13.jar:2.13]
	at sun.reflect.NativeMethodAccessorImpl.invoke0(Native Method) ~[na:1.8.0_20]
	at sun.reflect.NativeMethodAccessorImpl.invoke(NativeMethodAccessorImpl.java:62) ~[na:1.8.0_20]
	at sun.reflect.DelegatingMethodAccessorImpl.invoke(DelegatingMethodAccessorImpl.java:43) ~[na:1.8.0_20]
	at java.lang.reflect.Method.invoke(Method.java:483) ~[na:1.8.0_20]
	at org.gradle.messaging.dispatch.ReflectionDispatch.dispatch(ReflectionDispatch.java:35) [gradle-messaging-2.13.jar:2.13]
	at org.gradle.messaging.dispatch.ReflectionDispatch.dispatch(ReflectionDispatch.java:24) [gradle-messaging-2.13.jar:2.13]
	at org.gradle.messaging.remote.internal.hub.MessageHub$Handler.run(MessageHub.java:364) [gradle-messaging-2.13.jar:2.13]
	at org.gradle.internal.concurrent.ExecutorPolicy$CatchAndRecordFailures.onExecute(ExecutorPolicy.java:54) [gradle-base-services-2.13.jar:2.13]
	at org.gradle.internal.concurrent.StoppableExecutorImpl$1.run(StoppableExecutorImpl.java:40) [gradle-base-services-2.13.jar:2.13]
	at java.util.concurrent.ThreadPoolExecutor.runWorker(ThreadPoolExecutor.java:1142) [na:1.8.0_20]
	at java.util.concurrent.ThreadPoolExecutor$Worker.run(ThreadPoolExecutor.java:617) [na:1.8.0_20]
	at java.lang.Thread.run(Thread.java:745) [na:1.8.0_20]

2017-03-29 14:48:09.492  INFO 20204 --- [    Test worker] org.elasticsearch.node                   : [La Lunatica] initialized
2017-03-29 14:48:09.492  INFO 20204 --- [    Test worker] org.elasticsearch.node                   : [La Lunatica] starting ...
2017-03-29 14:48:09.527  INFO 20204 --- [    Test worker] org.elasticsearch.transport              : [La Lunatica] publish_address {local[1]}, bound_addresses {local[1]}
2017-03-29 14:48:09.536  INFO 20204 --- [    Test worker] org.elasticsearch.discovery              : [La Lunatica] elasticsearch/EIcuw-BUQ26pw_wLC0-JxQ
2017-03-29 14:48:09.552  INFO 20204 --- [pdateTask][T#1]] org.elasticsearch.cluster.service        : [La Lunatica] new_master {La Lunatica}{EIcuw-BUQ26pw_wLC0-JxQ}{local}{local[1]}{local=true}, reason: local-disco-initial_connect(master)
2017-03-29 14:48:09.559  INFO 20204 --- [    Test worker] org.elasticsearch.node                   : [La Lunatica] started
2017-03-29 14:48:09.876  INFO 20204 --- [pdateTask][T#1]] org.elasticsearch.gateway                : [La Lunatica] recovered [1] indices into cluster_state
2017-03-29 14:48:10.744  INFO 20204 --- [pdateTask][T#1]] o.e.cluster.routing.allocation           : [La Lunatica] Cluster health status changed from [RED] to [GREEN] (reason: [shards started [[post][0]] ...]).
2017-03-29 14:48:11.872  INFO 20204 --- [    Test worker] s.w.s.m.m.a.RequestMappingHandlerAdapter : Looking for @ControllerAdvice: org.springframework.web.context.support.GenericWebApplicationContext@6860a970: startup date [Wed Mar 29 14:48:01 PDT 2017]; root of context hierarchy
2017-03-29 14:48:12.022  INFO 20204 --- [    Test worker] s.w.s.m.m.a.RequestMappingHandlerMapping : Mapped "{[/savePost]}" onto public java.lang.String hello.Application.sayHello(java.lang.String)
2017-03-29 14:48:12.024  INFO 20204 --- [    Test worker] s.w.s.m.m.a.RequestMappingHandlerMapping : Mapped "{[/]}" onto public java.lang.String hello.Application.home()
2017-03-29 14:48:12.030  INFO 20204 --- [    Test worker] s.w.s.m.m.a.RequestMappingHandlerMapping : Mapped "{[/error]}" onto public org.springframework.http.ResponseEntity<java.util.Map<java.lang.String, java.lang.Object>> org.springframework.boot.autoconfigure.web.BasicErrorController.error(javax.servlet.http.HttpServletRequest)
2017-03-29 14:48:12.031  INFO 20204 --- [    Test worker] s.w.s.m.m.a.RequestMappingHandlerMapping : Mapped "{[/error],produces=[text/html]}" onto public org.springframework.web.servlet.ModelAndView org.springframework.boot.autoconfigure.web.BasicErrorController.errorHtml(javax.servlet.http.HttpServletRequest,javax.servlet.http.HttpServletResponse)
2017-03-29 14:48:12.113  INFO 20204 --- [    Test worker] o.s.w.s.handler.SimpleUrlHandlerMapping  : Mapped URL path [/webjars/**] onto handler of type [class org.springframework.web.servlet.resource.ResourceHttpRequestHandler]
2017-03-29 14:48:12.114  INFO 20204 --- [    Test worker] o.s.w.s.handler.SimpleUrlHandlerMapping  : Mapped URL path [/**] onto handler of type [class org.springframework.web.servlet.resource.ResourceHttpRequestHandler]
2017-03-29 14:48:12.215  INFO 20204 --- [    Test worker] o.s.w.s.handler.SimpleUrlHandlerMapping  : Mapped URL path [/**/favicon.ico] onto handler of type [class org.springframework.web.servlet.resource.ResourceHttpRequestHandler]
2017-03-29 14:48:12.785  INFO 20204 --- [    Test worker] c.e.org.services.PostServiceTest         : Started PostServiceTest in 12.095 seconds (JVM running for 14.429)
2017-03-29 14:48:13.100  INFO 20204 --- [pdateTask][T#1]] org.elasticsearch.cluster.metadata       : [La Lunatica] [post] creating index, cause [api], templates [], shards [1]/[0], mappings []
2017-03-29 14:48:13.227  INFO 20204 --- [pdateTask][T#1]] org.elasticsearch.cluster.metadata       : [La Lunatica] [post] create_mapping [post]
2017-03-29 14:48:13.770  INFO 20204 --- [pdateTask][T#1]] o.e.cluster.routing.allocation           : [La Lunatica] Cluster health status changed from [RED] to [GREEN] (reason: [shards started [[post][0]] ...]).
2017-03-29 14:48:14.158  INFO 20204 --- [pdateTask][T#1]] org.elasticsearch.cluster.metadata       : [La Lunatica] [post] update_mapping [post]
]]></system-out>
  <system-err><![CDATA[]]></system-err>
</testsuite>
